--------------- Clean Started: 03/20/2021 16:17:35 Project: RC_Car_V2_FreeRTOS, Configuration: ARM GCC 5.4-2016-q2-update Debug ---------------
Deleting file ".\CortexM3\ARM_GCC_541\Debug\main.o"
Deleting file ".\CortexM3\ARM_GCC_541\Debug\FreeRTOS.o"
Deleting file ".\CortexM3\ARM_GCC_541\Debug\uart_ctrl.o"
Deleting file ".\CortexM3\ARM_GCC_541\Debug\rc_car.o"
Deleting file ".\CortexM3\ARM_GCC_541\Debug\pid_ctrl.o"
Deleting file ".\CortexM3\ARM_GCC_541\Debug\i2c_ctrl.o"
Deleting file ".\CortexM3\ARM_GCC_541\Debug\led_ctrl.o"
Deleting file ".\CortexM3\ARM_GCC_541\Debug\ultrasonic_ctrl.o"
Deleting file ".\CortexM3\ARM_GCC_541\Debug\charge_meter_ctrl.o"
Deleting file ".\CortexM3\ARM_GCC_541\Debug\motor.o"
Deleting file ".\CortexM3\ARM_GCC_541\Debug\gps_ctrl.o"
Deleting file ".\CortexM3\ARM_GCC_541\Debug\eeprom_ctrl.o"
Deleting file ".\CortexM3\ARM_GCC_541\Debug\port.o"
Deleting file ".\CortexM3\ARM_GCC_541\Debug\heap_1.o"
Deleting file ".\CortexM3\ARM_GCC_541\Debug\croutine.o"
Deleting file ".\CortexM3\ARM_GCC_541\Debug\event_groups.o"
Deleting file ".\CortexM3\ARM_GCC_541\Debug\list.o"
Deleting file ".\CortexM3\ARM_GCC_541\Debug\queue.o"
Deleting file ".\CortexM3\ARM_GCC_541\Debug\stream_buffer.o"
Deleting file ".\CortexM3\ARM_GCC_541\Debug\tasks.o"
Deleting file ".\CortexM3\ARM_GCC_541\Debug\timers.o"
Deleting file ".\CortexM3\ARM_GCC_541\Debug\cyfitter_cfg.o"
Deleting file ".\CortexM3\ARM_GCC_541\Debug\cymetadata.o"
Deleting file ".\CortexM3\ARM_GCC_541\Debug\cy_em_eeprom.o"
Deleting file ".\CortexM3\ARM_GCC_541\Debug\Cm3Start.o"
Deleting file ".\CortexM3\ARM_GCC_541\Debug\CyBootAsmGnu.o"
Deleting file ".\CortexM3\ARM_GCC_541\Debug\CyDmac.o"
Deleting file ".\CortexM3\ARM_GCC_541\Debug\CyFlash.o"
Deleting file ".\CortexM3\ARM_GCC_541\Debug\CyLib.o"
Deleting file ".\CortexM3\ARM_GCC_541\Debug\cyPm.o"
Deleting file ".\CortexM3\ARM_GCC_541\Debug\CySpc.o"
Deleting file ".\CortexM3\ARM_GCC_541\Debug\cyutils.o"
Deleting file ".\CortexM3\ARM_GCC_541\Debug\rx_isr.o"
Deleting file ".\CortexM3\ARM_GCC_541\Debug\tx_gps.o"
Deleting file ".\CortexM3\ARM_GCC_541\Debug\UART_Radio.o"
Deleting file ".\CortexM3\ARM_GCC_541\Debug\UART_Radio_PM.o"
Deleting file ".\CortexM3\ARM_GCC_541\Debug\UART_Radio_INT.o"
Deleting file ".\CortexM3\ARM_GCC_541\Debug\UART_Radio_BOOT.o"
Deleting file ".\CortexM3\ARM_GCC_541\Debug\I2C.o"
Deleting file ".\CortexM3\ARM_GCC_541\Debug\I2C_BOOT.o"
Deleting file ".\CortexM3\ARM_GCC_541\Debug\I2C_INT.o"
Deleting file ".\CortexM3\ARM_GCC_541\Debug\I2C_PM.o"
Deleting file ".\CortexM3\ARM_GCC_541\Debug\I2C_SLAVE.o"
Deleting file ".\CortexM3\ARM_GCC_541\Debug\I2C_MASTER.o"
Deleting file ".\CortexM3\ARM_GCC_541\Debug\sda.o"
Deleting file ".\CortexM3\ARM_GCC_541\Debug\scl.o"
Deleting file ".\CortexM3\ARM_GCC_541\Debug\UART_GPS.o"
Deleting file ".\CortexM3\ARM_GCC_541\Debug\UART_GPS_PM.o"
Deleting file ".\CortexM3\ARM_GCC_541\Debug\UART_GPS_INT.o"
Deleting file ".\CortexM3\ARM_GCC_541\Debug\UART_GPS_BOOT.o"
Deleting file ".\CortexM3\ARM_GCC_541\Debug\tx_jetson.o"
Deleting file ".\CortexM3\ARM_GCC_541\Debug\VREF.o"
Deleting file ".\CortexM3\ARM_GCC_541\Debug\VREF_PM.o"
Deleting file ".\CortexM3\ARM_GCC_541\Debug\UART_Jetson.o"
Deleting file ".\CortexM3\ARM_GCC_541\Debug\UART_Jetson_PM.o"
Deleting file ".\CortexM3\ARM_GCC_541\Debug\UART_Jetson_INT.o"
Deleting file ".\CortexM3\ARM_GCC_541\Debug\UART_Jetson_BOOT.o"
Deleting file ".\CortexM3\ARM_GCC_541\Debug\tx_radio.o"
Deleting file ".\CortexM3\ARM_GCC_541\Debug\speed.o"
Deleting file ".\CortexM3\ARM_GCC_541\Debug\Clock_1.o"
Deleting file ".\CortexM3\ARM_GCC_541\Debug\PWM_Motor.o"
Deleting file ".\CortexM3\ARM_GCC_541\Debug\PWM_Motor_PM.o"
Deleting file ".\CortexM3\ARM_GCC_541\Debug\PWM_trigger.o"
Deleting file ".\CortexM3\ARM_GCC_541\Debug\PWM_trigger_PM.o"
Deleting file ".\CortexM3\ARM_GCC_541\Debug\Timer_echo_3.o"
Deleting file ".\CortexM3\ARM_GCC_541\Debug\Timer_echo_3_PM.o"
Deleting file ".\CortexM3\ARM_GCC_541\Debug\PWM_Servo.o"
Deleting file ".\CortexM3\ARM_GCC_541\Debug\PWM_Servo_PM.o"
Deleting file ".\CortexM3\ARM_GCC_541\Debug\Timer_echo_1.o"
Deleting file ".\CortexM3\ARM_GCC_541\Debug\Timer_echo_1_PM.o"
Deleting file ".\CortexM3\ARM_GCC_541\Debug\Timer_echo_2.o"
Deleting file ".\CortexM3\ARM_GCC_541\Debug\Timer_echo_2_PM.o"
Deleting file ".\CortexM3\ARM_GCC_541\Debug\Clock_2.o"
Deleting file ".\CortexM3\ARM_GCC_541\Debug\echo_1.o"
Deleting file ".\CortexM3\ARM_GCC_541\Debug\echo_2.o"
Deleting file ".\CortexM3\ARM_GCC_541\Debug\echo_3.o"
Deleting file ".\CortexM3\ARM_GCC_541\Debug\forward.o"
Deleting file ".\CortexM3\ARM_GCC_541\Debug\reverse.o"
Deleting file ".\CortexM3\ARM_GCC_541\Debug\servo.o"
Deleting file ".\CortexM3\ARM_GCC_541\Debug\speed_in.o"
Deleting file ".\CortexM3\ARM_GCC_541\Debug\trigger.o"
Deleting file ".\CortexM3\ARM_GCC_541\Debug\UART_Jetson_IntClock.o"
Deleting file ".\CortexM3\ARM_GCC_541\Debug\Clock_3.o"
Deleting file ".\CortexM3\ARM_GCC_541\Debug\trigger_reset.o"
Deleting file ".\CortexM3\ARM_GCC_541\Debug\trigger_reset_PM.o"
Deleting file ".\CortexM3\ARM_GCC_541\Debug\gps_isr.o"
Deleting file ".\CortexM3\ARM_GCC_541\Debug\EEPROM.o"
Deleting file ".\CortexM3\ARM_GCC_541\Debug\Alert.o"
Deleting file ".\CortexM3\ARM_GCC_541\Debug\alert_isr.o"
Deleting file ".\CortexM3\ARM_GCC_541\Debug\RC_Car_V2_FreeRTOS.hex"
Deleting file ".\CortexM3\ARM_GCC_541\Debug\RC_Car_V2_FreeRTOS.elf"
Deleting file ".\CortexM3\ARM_GCC_541\Debug\RC_Car_V2_FreeRTOS.map"
Deleting file ".\RC_Car_V2_FreeRTOS.cycdx"
Deleting file ".\RC_Car_V2_FreeRTOS.svd"
Deleting file ".\RC_Car_V2_FreeRTOS.rpt"
Deleting file ".\RC_Car_V2_FreeRTOS_timing.html"
Deleting file ".\CortexM3\ARM_GCC_541\Debug\.deps\SOURCE_C__ARM_GCC_GENERIC.P"
Deleting file ".\CortexM3\ARM_GCC_541\Debug\.deps\SOURCE_ASM__ARM_GCC_GENERIC.P"
--------------- Clean Succeeded: 03/20/2021 16:17:36 ---------------
